<?xml version="1.0" encoding="UTF-8"?>
<testng-results ignored="0" total="1" passed="1" failed="0" skipped="0">
  <reporter-output>
  </reporter-output>
  <suite started-at="2024-12-12T18:05:37 IST" name="Default suite" finished-at="2024-12-12T18:06:15 IST" duration-ms="37026">
    <groups>
    </groups>
    <test started-at="2024-12-12T18:05:37 IST" name="Default test" finished-at="2024-12-12T18:06:15 IST" duration-ms="37026">
      <class name="tests.TestClass1">
        <test-method is-config="true" signature="setup()[pri:0, instance:tests.TestClass1@2925bf5b]" started-at="2024-12-12T18:05:37 IST" name="setup" finished-at="2024-12-12T18:05:52 IST" duration-ms="14089" status="PASS">
          <reporter-output>
          </reporter-output>
        </test-method> <!-- setup -->
        <test-method signature="testOne()[pri:0, instance:tests.TestClass1@2925bf5b]" started-at="2024-12-12T18:05:52 IST" name="testOne" finished-at="2024-12-12T18:06:13 IST" duration-ms="21841" status="PASS">
          <reporter-output>
          </reporter-output>
        </test-method> <!-- testOne -->
        <test-method is-config="true" signature="teardown()[pri:0, instance:tests.TestClass1@2925bf5b]" started-at="2024-12-12T18:06:13 IST" name="teardown" finished-at="2024-12-12T18:06:15 IST" duration-ms="1040" status="PASS">
          <reporter-output>
          </reporter-output>
        </test-method> <!-- teardown -->
      </class> <!-- tests.TestClass1 -->
    </test> <!-- Default test -->
  </suite> <!-- Default suite -->
</testng-results>
