<?xml version="1.0" encoding="UTF-8"?>
<testng-results ignored="0" total="1" passed="0" failed="1" skipped="0">
  <reporter-output>
  </reporter-output>
  <suite started-at="2024-10-29T14:33:24 IST" name="Default suite" finished-at="2024-10-29T14:34:53 IST" duration-ms="89454">
    <groups>
    </groups>
    <test started-at="2024-10-29T14:33:24 IST" name="Default test" finished-at="2024-10-29T14:34:53 IST" duration-ms="89454">
      <class name="tests.Tests">
        <test-method is-config="true" signature="OpenApp()[pri:0, instance:tests.Tests@609cd4d8]" started-at="2024-10-29T14:33:24 IST" name="OpenApp" finished-at="2024-10-29T14:33:42 IST" duration-ms="18277" status="PASS">
          <reporter-output>
          </reporter-output>
        </test-method> <!-- OpenApp -->
        <test-method signature="testOne()[pri:0, instance:tests.Tests@609cd4d8]" started-at="2024-10-29T14:33:42 IST" name="testOne" finished-at="2024-10-29T14:34:53 IST" duration-ms="71052" status="FAIL">
          <exception class="org.openqa.selenium.StaleElementReferenceException">
            <message>
              <![CDATA[The element 'By.xpath: //android.view.View[@resource-id="reactPageContent"]/android.view.View[1]/android.view.View' does not exist in DOM anymore
For documentation on this error, please visit: https://www.selenium.dev/documentation/webdriver/troubleshooting/errors#stale-element-reference-exception
Build info: version: '4.25.0', revision: '8a8aea2337'
System info: os.name: 'Windows 11', os.arch: 'amd64', os.version: '10.0', java.version: '17.0.10'
Driver info: io.appium.java_client.android.AndroidDriver
Command: [d0b5a290-1bdd-44f4-9777-b45a7c1149b5, sendKeysToElement {value=[Ljava.lang.CharSequence;@2364305a, id=00000000-0000-0040-0000-009c00000036}]
Capabilities {appium:appActivity: com.google.android.apps.chr..., appium:appPackage: com.android.chrome, appium:automationName: UIAutomator2, appium:databaseEnabled: false, appium:desired: {appActivity: com.google.android.apps.chr..., appPackage: com.android.chrome, automationName: UIAutomator2, deviceName: emulator-5554, platformName: ANDROID, platformVersion: 9}, appium:deviceApiLevel: 28, appium:deviceManufacturer: Google, appium:deviceModel: AOSP on IA Emulator, appium:deviceName: emulator-5554, appium:deviceScreenDensity: 440, appium:deviceScreenSize: 1080x2220, appium:deviceUDID: emulator-5554, appium:javascriptEnabled: true, appium:locationContextEnabled: false, appium:networkConnectionEnabled: true, appium:pixelRatio: 2.75, appium:platformVersion: 9, appium:statBarHeight: 66, appium:takesScreenshot: true, appium:viewportRect: {height: 2154, left: 0, top: 66, width: 1080}, appium:warnings: {}, appium:webStorageEnabled: false, platformName: ANDROID}
Element: [[AndroidDriver:  on ANDROID (d0b5a290-1bdd-44f4-9777-b45a7c1149b5)] -> xpath: //android.view.View[@resource-id="reactPageContent"]/android.view.View[1]/android.view.View]
Session ID: d0b5a290-1bdd-44f4-9777-b45a7c1149b5]]>
            </message>
            <full-stacktrace>
              <![CDATA[org.openqa.selenium.StaleElementReferenceException: The element 'By.xpath: //android.view.View[@resource-id="reactPageContent"]/android.view.View[1]/android.view.View' does not exist in DOM anymore
For documentation on this error, please visit: https://www.selenium.dev/documentation/webdriver/troubleshooting/errors#stale-element-reference-exception
Build info: version: '4.25.0', revision: '8a8aea2337'
System info: os.name: 'Windows 11', os.arch: 'amd64', os.version: '10.0', java.version: '17.0.10'
Driver info: io.appium.java_client.android.AndroidDriver
Command: [d0b5a290-1bdd-44f4-9777-b45a7c1149b5, sendKeysToElement {value=[Ljava.lang.CharSequence;@2364305a, id=00000000-0000-0040-0000-009c00000036}]
Capabilities {appium:appActivity: com.google.android.apps.chr..., appium:appPackage: com.android.chrome, appium:automationName: UIAutomator2, appium:databaseEnabled: false, appium:desired: {appActivity: com.google.android.apps.chr..., appPackage: com.android.chrome, automationName: UIAutomator2, deviceName: emulator-5554, platformName: ANDROID, platformVersion: 9}, appium:deviceApiLevel: 28, appium:deviceManufacturer: Google, appium:deviceModel: AOSP on IA Emulator, appium:deviceName: emulator-5554, appium:deviceScreenDensity: 440, appium:deviceScreenSize: 1080x2220, appium:deviceUDID: emulator-5554, appium:javascriptEnabled: true, appium:locationContextEnabled: false, appium:networkConnectionEnabled: true, appium:pixelRatio: 2.75, appium:platformVersion: 9, appium:statBarHeight: 66, appium:takesScreenshot: true, appium:viewportRect: {height: 2154, left: 0, top: 66, width: 1080}, appium:warnings: {}, appium:webStorageEnabled: false, platformName: ANDROID}
Element: [[AndroidDriver:  on ANDROID (d0b5a290-1bdd-44f4-9777-b45a7c1149b5)] -> xpath: //android.view.View[@resource-id="reactPageContent"]/android.view.View[1]/android.view.View]
Session ID: d0b5a290-1bdd-44f4-9777-b45a7c1149b5
at java.base/jdk.internal.reflect.NativeConstructorAccessorImpl.newInstance0(Native Method)
at java.base/jdk.internal.reflect.NativeConstructorAccessorImpl.newInstance(NativeConstructorAccessorImpl.java:77)
at java.base/jdk.internal.reflect.DelegatingConstructorAccessorImpl.newInstance(DelegatingConstructorAccessorImpl.java:45)
at java.base/java.lang.reflect.Constructor.newInstanceWithCaller(Constructor.java:499)
at java.base/java.lang.reflect.Constructor.newInstance(Constructor.java:480)
at org.openqa.selenium.remote.ErrorCodec.decode(ErrorCodec.java:167)
at org.openqa.selenium.remote.codec.w3c.W3CHttpResponseCodec.decode(W3CHttpResponseCodec.java:138)
at org.openqa.selenium.remote.codec.w3c.W3CHttpResponseCodec.decode(W3CHttpResponseCodec.java:50)
at org.openqa.selenium.remote.HttpCommandExecutor.execute(HttpCommandExecutor.java:190)
at io.appium.java_client.remote.AppiumCommandExecutor.execute(AppiumCommandExecutor.java:237)
at org.openqa.selenium.remote.RemoteWebDriver.execute(RemoteWebDriver.java:545)
at org.openqa.selenium.remote.RemoteWebElement.execute(RemoteWebElement.java:223)
at org.openqa.selenium.remote.RemoteWebElement.sendKeys(RemoteWebElement.java:110)
at tests.Tests.testOne(Tests.java:59)
at java.base/jdk.internal.reflect.NativeMethodAccessorImpl.invoke0(Native Method)
at java.base/jdk.internal.reflect.NativeMethodAccessorImpl.invoke(NativeMethodAccessorImpl.java:77)
at java.base/jdk.internal.reflect.DelegatingMethodAccessorImpl.invoke(DelegatingMethodAccessorImpl.java:43)
at java.base/java.lang.reflect.Method.invoke(Method.java:568)
at org.testng.internal.invokers.MethodInvocationHelper.invokeMethod(MethodInvocationHelper.java:141)
at org.testng.internal.invokers.TestInvoker.invokeMethod(TestInvoker.java:686)
at org.testng.internal.invokers.TestInvoker.invokeTestMethod(TestInvoker.java:230)
at org.testng.internal.invokers.MethodRunner.runInSequence(MethodRunner.java:63)
at org.testng.internal.invokers.TestInvoker$MethodInvocationAgent.invoke(TestInvoker.java:992)
at org.testng.internal.invokers.TestInvoker.invokeTestMethods(TestInvoker.java:203)
at org.testng.internal.invokers.TestMethodWorker.invokeTestMethods(TestMethodWorker.java:154)
at org.testng.internal.invokers.TestMethodWorker.run(TestMethodWorker.java:134)
at java.base/java.util.ArrayList.forEach(ArrayList.java:1511)
at org.testng.TestRunner.privateRun(TestRunner.java:739)
at org.testng.TestRunner.run(TestRunner.java:614)
at org.testng.SuiteRunner.runTest(SuiteRunner.java:421)
at org.testng.SuiteRunner.runSequentially(SuiteRunner.java:413)
at org.testng.SuiteRunner.privateRun(SuiteRunner.java:373)
at org.testng.SuiteRunner.run(SuiteRunner.java:312)
at org.testng.SuiteRunnerWorker.runSuite(SuiteRunnerWorker.java:52)
at org.testng.SuiteRunnerWorker.run(SuiteRunnerWorker.java:95)
at org.testng.TestNG.runSuitesSequentially(TestNG.java:1274)
at org.testng.TestNG.runSuitesLocally(TestNG.java:1208)
at org.testng.TestNG.runSuites(TestNG.java:1112)
at org.testng.TestNG.run(TestNG.java:1079)
at org.testng.remote.AbstractRemoteTestNG.run(AbstractRemoteTestNG.java:115)
at org.testng.remote.RemoteTestNG.initAndRun(RemoteTestNG.java:293)
at org.testng.remote.RemoteTestNG.main(RemoteTestNG.java:91)
]]>
            </full-stacktrace>
          </exception> <!-- org.openqa.selenium.StaleElementReferenceException -->
          <reporter-output>
          </reporter-output>
        </test-method> <!-- testOne -->
        <test-method is-config="true" signature="teardown()[pri:0, instance:tests.Tests@609cd4d8]" started-at="2024-10-29T14:34:53 IST" name="teardown" finished-at="2024-10-29T14:34:53 IST" duration-ms="11" status="PASS">
          <reporter-output>
          </reporter-output>
        </test-method> <!-- teardown -->
      </class> <!-- tests.Tests -->
    </test> <!-- Default test -->
  </suite> <!-- Default suite -->
</testng-results>
